c:\users\c\documents\github\ttm\build\2dframework\obj\gameobject.obj
c:\users\c\documents\github\ttm\build\2dframework\obj\sound.obj
c:\users\c\documents\github\ttm\build\2dframework\obj\goimgui.obj
c:\users\c\documents\github\ttm\build\2dframework\obj\ui.obj
c:\users\c\documents\github\ttm\build\2dframework\obj\scenemanager.obj
c:\users\c\documents\github\ttm\build\2dframework\obj\shader.obj
c:\users\c\documents\github\ttm\build\2dframework\obj\util.obj
c:\users\c\documents\github\ttm\build\2dframework\obj\binaryfile.obj
c:\users\c\documents\github\ttm\build\2dframework\obj\window.obj
c:\users\c\documents\github\ttm\build\2dframework\obj\mesh.obj
c:\users\c\documents\github\ttm\build\2dframework\obj\transform.obj
c:\users\c\documents\github\ttm\build\2dframework\obj\gosaveload.obj
c:\users\c\documents\github\ttm\build\2dframework\obj\texture.obj
c:\users\c\documents\github\ttm\build\2dframework\obj\depthstate.obj
c:\users\c\documents\github\ttm\build\2dframework\obj\xml.obj
c:\users\c\documents\github\ttm\build\2dframework\obj\grid.obj
c:\users\c\documents\github\ttm\build\2dframework\obj\camera.obj
c:\users\c\documents\github\ttm\build\2dframework\obj\vertextype.obj
c:\users\c\documents\github\ttm\build\2dframework\obj\timer.obj
c:\users\c\documents\github\ttm\build\2dframework\obj\collider.obj
c:\users\c\documents\github\ttm\build\2dframework\obj\input.obj
c:\users\c\documents\github\ttm\build\2dframework\obj\resourcemanager.obj
c:\users\c\documents\github\ttm\build\2dframework\obj\direct3d11.obj
c:\users\c\documents\github\ttm\build\2dframework\obj\gui.obj
c:\users\c\documents\github\ttm\build\2dframework\obj\random.obj
c:\users\c\documents\github\ttm\build\2dframework\obj\dwrite.obj
c:\users\c\documents\github\ttm\build\2dframework\2dframework.pdb
c:\users\c\documents\github\ttm\build\2dframework\2dframework.lib
c:\users\c\documents\github\ttm\\build\2dframework\2dframework.pdb
c:\users\c\documents\github\ttm\build\2dframework\obj\2dframework.tlog\cl.10124.write.1.tlog
c:\users\c\documents\github\ttm\build\2dframework\obj\2dframework.tlog\cl.command.1.tlog
c:\users\c\documents\github\ttm\build\2dframework\obj\2dframework.tlog\cl.read.1.tlog
c:\users\c\documents\github\ttm\build\2dframework\obj\2dframework.tlog\lib-link.read.1.tlog
c:\users\c\documents\github\ttm\build\2dframework\obj\2dframework.tlog\lib-link.write.1.tlog
c:\users\c\documents\github\ttm\build\2dframework\obj\2dframework.tlog\lib.command.1.tlog
