  Inven.cpp
  Main.cpp
  Scene1.cpp
  Shop.cpp
C:\Users\c\Documents\GitHub\TTM\Game2\Scene1.cpp(5,5): error C2065: 'sky': 선언되지 않은 식별자입니다.
C:\Users\c\Documents\GitHub\TTM\Game2\Scene1.cpp(5,11): error C2653: 'Sky': 클래스 또는 네임스페이스 이름이 아닙니다.
C:\Users\c\Documents\GitHub\TTM\Game2\Scene1.cpp(5,16): error C3861: 'Create': 식별자를 찾을 수 없습니다.
C:\Users\c\Documents\GitHub\TTM\Game2\Scene1.cpp(10,5): error C2065: 'Map': 선언되지 않은 식별자입니다.
C:\Users\c\Documents\GitHub\TTM\Game2\Scene1.cpp(10,11): error C2653: 'Terrain': 클래스 또는 네임스페이스 이름이 아닙니다.
C:\Users\c\Documents\GitHub\TTM\Game2\Scene1.cpp(10,20): error C3861: 'Create': 식별자를 찾을 수 없습니다.
C:\Users\c\Documents\GitHub\TTM\Game2\Scene1.cpp(11,5): error C2065: 'Map': 선언되지 않은 식별자입니다.
C:\Users\c\Documents\GitHub\TTM\Game2\Scene1.cpp(12,5): error C2065: 'Map': 선언되지 않은 식별자입니다.
C:\Users\c\Documents\GitHub\TTM\Game2\Scene1.cpp(13,5): error C2065: 'Map': 선언되지 않은 식별자입니다.
C:\Users\c\Documents\GitHub\TTM\Game2\Scene1.cpp(25,5): error C2065: 'shadow': 선언되지 않은 식별자입니다.
C:\Users\c\Documents\GitHub\TTM\Game2\Scene1.cpp(25,18): error C2061: 구문 오류: 식별자 'Shadow'
C:\Users\c\Documents\GitHub\TTM\Game2\Scene1.cpp(26,5): error C2065: 'cubeMap1': 선언되지 않은 식별자입니다.
C:\Users\c\Documents\GitHub\TTM\Game2\Scene1.cpp(26,20): error C2061: 구문 오류: 식별자 'Environment'
C:\Users\c\Documents\GitHub\TTM\Game2\Scene1.cpp(27,5): error C2065: 'cubeMap2': 선언되지 않은 식별자입니다.
C:\Users\c\Documents\GitHub\TTM\Game2\Scene1.cpp(27,20): error C2061: 구문 오류: 식별자 'Environment'
C:\Users\c\Documents\GitHub\TTM\Game2\Scene1.cpp(28,5): error C2065: 'cubeMap1': 선언되지 않은 식별자입니다.
C:\Users\c\Documents\GitHub\TTM\Game2\Scene1.cpp(29,5): error C2065: 'cubeMap2': 선언되지 않은 식별자입니다.
C:\Users\c\Documents\GitHub\TTM\Game2\Scene1.cpp(30,5): error C2065: 'postEffect': 선언되지 않은 식별자입니다.
C:\Users\c\Documents\GitHub\TTM\Game2\Scene1.cpp(30,22): error C2061: 구문 오류: 식별자 'PostEffect'
C:\Users\c\Documents\GitHub\TTM\Game2\Scene1.cpp(35,5): error C2065: 'Map': 선언되지 않은 식별자입니다.
C:\Users\c\Documents\GitHub\TTM\Game2\Scene1.cpp(57,5): error C2065: 'LIGHT': 선언되지 않은 식별자입니다.
C:\Users\c\Documents\GitHub\TTM\Game2\Scene1.cpp(58,5): error C2065: 'shadow': 선언되지 않은 식별자입니다.
C:\Users\c\Documents\GitHub\TTM\Game2\Scene1.cpp(61,5): error C2065: 'postEffect': 선언되지 않은 식별자입니다.
C:\Users\c\Documents\GitHub\TTM\Game2\Scene1.cpp(65,5): error C2065: 'sky': 선언되지 않은 식별자입니다.
C:\Users\c\Documents\GitHub\TTM\Game2\Scene1.cpp(67,5): error C2065: 'Map': 선언되지 않은 식별자입니다.
C:\Users\c\Documents\GitHub\TTM\Game2\Scene1.cpp(76,5): error C2065: 'Map': 선언되지 않은 식별자입니다.
C:\Users\c\Documents\GitHub\TTM\Game2\Scene1.cpp(77,5): error C2065: 'sky': 선언되지 않은 식별자입니다.
C:\Users\c\Documents\GitHub\TTM\Game2\Scene1.cpp(86,9): error C2065: 'Map': 선언되지 않은 식별자입니다.
C:\Users\c\Documents\GitHub\TTM\Game2\Scene1.cpp(95,5): error C2065: 'LIGHT': 선언되지 않은 식별자입니다.
C:\Users\c\Documents\GitHub\TTM\Game2\Scene1.cpp(102,9): error C2065: 'cubeMap1': 선언되지 않은 식별자입니다.
C:\Users\c\Documents\GitHub\TTM\Game2\Scene1.cpp(103,9): error C2065: 'sky': 선언되지 않은 식별자입니다.
C:\Users\c\Documents\GitHub\TTM\Game2\Scene1.cpp(104,17): error C2039: 'CubeMapRender': 'Actor'의 멤버가 아닙니다.
C:\Users\c\Documents\GitHub\TTM\2DFrameWork\GameObject.h(58): message : 'Actor' 선언을 참조하십시오.
C:\Users\c\Documents\GitHub\TTM\Game2\Scene1.cpp(105,9): error C2065: 'Map': 선언되지 않은 식별자입니다.
C:\Users\c\Documents\GitHub\TTM\Game2\Scene1.cpp(109,9): error C2065: 'cubeMap2': 선언되지 않은 식별자입니다.
C:\Users\c\Documents\GitHub\TTM\Game2\Scene1.cpp(110,9): error C2065: 'sky': 선언되지 않은 식별자입니다.
C:\Users\c\Documents\GitHub\TTM\Game2\Scene1.cpp(111,17): error C2039: 'CubeMapRender': 'Actor'의 멤버가 아닙니다.
C:\Users\c\Documents\GitHub\TTM\2DFrameWork\GameObject.h(58): message : 'Actor' 선언을 참조하십시오.
C:\Users\c\Documents\GitHub\TTM\Game2\Scene1.cpp(112,9): error C2065: 'Map': 선언되지 않은 식별자입니다.
C:\Users\c\Documents\GitHub\TTM\Game2\Scene1.cpp(117,9): error C2065: 'shadow': 선언되지 않은 식별자입니다.
C:\Users\c\Documents\GitHub\TTM\Game2\Scene1.cpp(118,9): error C2065: 'Map': 선언되지 않은 식별자입니다.
C:\Users\c\Documents\GitHub\TTM\Game2\Scene1.cpp(119,17): error C2039: 'ShadowMapRender': 'Actor'의 멤버가 아닙니다.
C:\Users\c\Documents\GitHub\TTM\2DFrameWork\GameObject.h(58): message : 'Actor' 선언을 참조하십시오.
C:\Users\c\Documents\GitHub\TTM\Game2\Scene1.cpp(120,16): error C2039: 'ShadowMapRender': 'Actor'의 멤버가 아닙니다.
C:\Users\c\Documents\GitHub\TTM\2DFrameWork\GameObject.h(58): message : 'Actor' 선언을 참조하십시오.
C:\Users\c\Documents\GitHub\TTM\Game2\Scene1.cpp(121,16): error C2039: 'ShadowMapRender': 'Actor'의 멤버가 아닙니다.
C:\Users\c\Documents\GitHub\TTM\2DFrameWork\GameObject.h(58): message : 'Actor' 선언을 참조하십시오.
C:\Users\c\Documents\GitHub\TTM\Game2\Scene1.cpp(125,9): error C2065: 'postEffect': 선언되지 않은 식별자입니다.
C:\Users\c\Documents\GitHub\TTM\Game2\Scene1.cpp(127,9): error C2065: 'sky': 선언되지 않은 식별자입니다.
C:\Users\c\Documents\GitHub\TTM\Game2\Scene1.cpp(129,9): error C2065: 'cubeMap1': 선언되지 않은 식별자입니다.
C:\Users\c\Documents\GitHub\TTM\Game2\Scene1.cpp(132,9): error C2065: 'cubeMap2': 선언되지 않은 식별자입니다.
C:\Users\c\Documents\GitHub\TTM\Game2\Scene1.cpp(135,9): error C2065: 'shadow': 선언되지 않은 식별자입니다.
C:\Users\c\Documents\GitHub\TTM\Game2\Scene1.cpp(136,9): error C2065: 'Map': 선언되지 않은 식별자입니다.
C:\Users\c\Documents\GitHub\TTM\Game2\Scene1.cpp(145,5): error C2065: 'postEffect': 선언되지 않은 식별자입니다.
C:\Users\c\Documents\GitHub\TTM\Game2\Scene1.cpp(155,9): error C2065: 'postEffect': 선언되지 않은 식별자입니다.
C:\Users\c\Documents\GitHub\TTM\Game2\Scene1.cpp(157,9): error C2065: 'postEffect': 선언되지 않은 식별자입니다.
C:\Users\c\Documents\GitHub\TTM\Game2\Shop.cpp(9,4): error C2039: 'material': 'GameObject'의 멤버가 아닙니다.
C:\Users\c\Documents\GitHub\TTM\2DFrameWork\GameObject.h(16): message : 'GameObject' 선언을 참조하십시오.
C:\Users\c\Documents\GitHub\TTM\Game2\Shop.cpp(10,25): error C2039: 'material': 'GameObject'의 멤버가 아닙니다.
C:\Users\c\Documents\GitHub\TTM\2DFrameWork\GameObject.h(16): message : 'GameObject' 선언을 참조하십시오.
C:\Users\c\Documents\GitHub\TTM\Game2\Shop.cpp(11,25): error C2039: 'material': 'GameObject'의 멤버가 아닙니다.
C:\Users\c\Documents\GitHub\TTM\2DFrameWork\GameObject.h(16): message : 'GameObject' 선언을 참조하십시오.
C:\Users\c\Documents\GitHub\TTM\Game2\Shop.cpp(11,60): error C2065: 'Texture': 선언되지 않은 식별자입니다.
C:\Users\c\Documents\GitHub\TTM\Game2\Shop.cpp(11,48): error C2672: 'std::make_shared': 일치하는 오버로드된 함수가 없습니다.
C:\Users\c\Documents\GitHub\TTM\Game2\Shop.cpp(11,69): error C2974: 'std::make_shared': '_Ty'의 템플릿 인수가 잘못되었습니다. 형식이 필요합니다.
C:\Program Files (x86)\Microsoft Visual Studio\2019\Community\VC\Tools\MSVC\14.29.30133\include\memory(2725): message : 'std::make_shared' 선언을 참조하십시오.
C:\Users\c\Documents\GitHub\TTM\Game2\Shop.cpp(12,25): error C2039: 'material': 'GameObject'의 멤버가 아닙니다.
C:\Users\c\Documents\GitHub\TTM\2DFrameWork\GameObject.h(16): message : 'GameObject' 선언을 참조하십시오.
C:\Users\c\Documents\GitHub\TTM\Game2\Shop.cpp(17,4): error C2039: 'material': 'GameObject'의 멤버가 아닙니다.
C:\Users\c\Documents\GitHub\TTM\2DFrameWork\GameObject.h(16): message : 'GameObject' 선언을 참조하십시오.
C:\Users\c\Documents\GitHub\TTM\Game2\Shop.cpp(18,25): error C2039: 'material': 'GameObject'의 멤버가 아닙니다.
C:\Users\c\Documents\GitHub\TTM\2DFrameWork\GameObject.h(16): message : 'GameObject' 선언을 참조하십시오.
C:\Users\c\Documents\GitHub\TTM\Game2\Inven.cpp(10,4): error C2039: 'material': 'GameObject'의 멤버가 아닙니다.
C:\Users\c\Documents\GitHub\TTM\2DFrameWork\GameObject.h(16): message : 'GameObject' 선언을 참조하십시오.
C:\Users\c\Documents\GitHub\TTM\Game2\Inven.cpp(11,25): error C2039: 'material': 'GameObject'의 멤버가 아닙니다.
C:\Users\c\Documents\GitHub\TTM\2DFrameWork\GameObject.h(16): message : 'GameObject' 선언을 참조하십시오.
C:\Users\c\Documents\GitHub\TTM\Game2\Inven.cpp(12,25): error C2039: 'material': 'GameObject'의 멤버가 아닙니다.
C:\Users\c\Documents\GitHub\TTM\2DFrameWork\GameObject.h(16): message : 'GameObject' 선언을 참조하십시오.
C:\Users\c\Documents\GitHub\TTM\Game2\Inven.cpp(12,60): error C2065: 'Texture': 선언되지 않은 식별자입니다.
C:\Users\c\Documents\GitHub\TTM\Game2\Inven.cpp(12,48): error C2672: 'std::make_shared': 일치하는 오버로드된 함수가 없습니다.
C:\Users\c\Documents\GitHub\TTM\Game2\Inven.cpp(12,69): error C2974: 'std::make_shared': '_Ty'의 템플릿 인수가 잘못되었습니다. 형식이 필요합니다.
C:\Program Files (x86)\Microsoft Visual Studio\2019\Community\VC\Tools\MSVC\14.29.30133\include\memory(2725): message : 'std::make_shared' 선언을 참조하십시오.
C:\Users\c\Documents\GitHub\TTM\Game2\Inven.cpp(13,25): error C2039: 'material': 'GameObject'의 멤버가 아닙니다.
C:\Users\c\Documents\GitHub\TTM\2DFrameWork\GameObject.h(16): message : 'GameObject' 선언을 참조하십시오.
C:\Users\c\Documents\GitHub\TTM\Game2\Inven.cpp(18,4): error C2039: 'material': 'GameObject'의 멤버가 아닙니다.
C:\Users\c\Documents\GitHub\TTM\2DFrameWork\GameObject.h(16): message : 'GameObject' 선언을 참조하십시오.
C:\Users\c\Documents\GitHub\TTM\Game2\Inven.cpp(19,25): error C2039: 'material': 'GameObject'의 멤버가 아닙니다.
C:\Users\c\Documents\GitHub\TTM\2DFrameWork\GameObject.h(16): message : 'GameObject' 선언을 참조하십시오.
C:\Users\c\Documents\GitHub\TTM\Game2\Inven.cpp(62,22): error C2039: 'material': 'UI'의 멤버가 아닙니다.
C:\Users\c\Documents\GitHub\TTM\2DFrameWork\UI.h(2): message : 'UI' 선언을 참조하십시오.
C:\Users\c\Documents\GitHub\TTM\Game2\Inven.cpp(62,1): error C2039: '__this': 'UI'의 멤버가 아닙니다.
C:\Users\c\Documents\GitHub\TTM\2DFrameWork\UI.h(2): message : 'UI' 선언을 참조하십시오.
C:\Users\c\Documents\GitHub\TTM\Game2\Inven.cpp(62,53): error C2039: 'material': 'GameObject'의 멤버가 아닙니다.
C:\Users\c\Documents\GitHub\TTM\2DFrameWork\GameObject.h(16): message : 'GameObject' 선언을 참조하십시오.
C:\Users\c\Documents\GitHub\TTM\Game2\Inven.cpp(62,1): error C2039: '__this': 'GameObject'의 멤버가 아닙니다.
C:\Users\c\Documents\GitHub\TTM\2DFrameWork\GameObject.h(16): message : 'GameObject' 선언을 참조하십시오.
C:\Users\c\Documents\GitHub\TTM\Game2\Inven.cpp(62,10): error C2672: 'Util::Swap': 일치하는 오버로드된 함수가 없습니다.
C:\Users\c\Documents\GitHub\TTM\Game2\Inven.cpp(62,1): error C2780: 'void Util::Swap(T &,T &)': 인수가 2개 있어야 하는데 1개를 사용했습니다.
C:\Users\c\Documents\GitHub\TTM\2DFrameWork\Util.h(61): message : 'Util::Swap' 선언을 참조하십시오.
C:\Users\c\Documents\GitHub\TTM\Game2\Inven.cpp(67,16): error C2039: 'material': 'UI'의 멤버가 아닙니다.
C:\Users\c\Documents\GitHub\TTM\2DFrameWork\UI.h(2): message : 'UI' 선언을 참조하십시오.
C:\Users\c\Documents\GitHub\TTM\Game2\Inven.cpp(67,1): error C2039: '__this': 'UI'의 멤버가 아닙니다.
C:\Users\c\Documents\GitHub\TTM\2DFrameWork\UI.h(2): message : 'UI' 선언을 참조하십시오.
C:\Users\c\Documents\GitHub\TTM\Game2\Inven.cpp(67,47): error C2039: 'material': 'GameObject'의 멤버가 아닙니다.
C:\Users\c\Documents\GitHub\TTM\2DFrameWork\GameObject.h(16): message : 'GameObject' 선언을 참조하십시오.
C:\Users\c\Documents\GitHub\TTM\Game2\Inven.cpp(67,1): error C2039: '__this': 'GameObject'의 멤버가 아닙니다.
C:\Users\c\Documents\GitHub\TTM\2DFrameWork\GameObject.h(16): message : 'GameObject' 선언을 참조하십시오.
C:\Users\c\Documents\GitHub\TTM\Game2\Inven.cpp(67,4): error C2672: 'Util::Swap': 일치하는 오버로드된 함수가 없습니다.
C:\Users\c\Documents\GitHub\TTM\Game2\Inven.cpp(67,1): error C2780: 'void Util::Swap(T &,T &)': 인수가 2개 있어야 하는데 1개를 사용했습니다.
C:\Users\c\Documents\GitHub\TTM\2DFrameWork\Util.h(61): message : 'Util::Swap' 선언을 참조하십시오.
C:\Users\c\Documents\GitHub\TTM\Game2\Inven.cpp(94,7): error C2248: 'GameObject::shader': protected 멤버('GameObject' 클래스에서 선언)에 액세스할 수 없습니다.
C:\Users\c\Documents\GitHub\TTM\2DFrameWork\GameObject.h(31): message : 'GameObject::shader' 선언을 참조하십시오.
C:\Users\c\Documents\GitHub\TTM\2DFrameWork\GameObject.h(16): message : 'GameObject' 선언을 참조하십시오.
C:\Users\c\Documents\GitHub\TTM\Game2\Inven.cpp(94,20): error C2248: 'GameObject::shader': protected 멤버('GameObject' 클래스에서 선언)에 액세스할 수 없습니다.
C:\Users\c\Documents\GitHub\TTM\2DFrameWork\GameObject.h(31): message : 'GameObject::shader' 선언을 참조하십시오.
C:\Users\c\Documents\GitHub\TTM\2DFrameWork\GameObject.h(16): message : 'GameObject' 선언을 참조하십시오.
C:\Users\c\Documents\GitHub\TTM\Game2\Inven.cpp(143,16): warning C4838: 'float'에서 'LONG'(으)로의 변환에는 축소 변환이 필요합니다.
C:\Users\c\Documents\GitHub\TTM\Game2\Inven.cpp(143,16): warning C4244: '초기화 중': 'float'에서 'LONG'(으)로 변환하면서 데이터가 손실될 수 있습니다.
C:\Users\c\Documents\GitHub\TTM\Game2\Inven.cpp(143,23): warning C4838: 'float'에서 'LONG'(으)로의 변환에는 축소 변환이 필요합니다.
C:\Users\c\Documents\GitHub\TTM\Game2\Inven.cpp(143,23): warning C4244: '초기화 중': 'float'에서 'LONG'(으)로 변환하면서 데이터가 손실될 수 있습니다.
C:\Users\c\Documents\GitHub\TTM\Game2\Inven.cpp(143,32): warning C4838: 'float'에서 'LONG'(으)로의 변환에는 축소 변환이 필요합니다.
C:\Users\c\Documents\GitHub\TTM\Game2\Inven.cpp(143,32): warning C4244: '초기화 중': 'float'에서 'LONG'(으)로 변환하면서 데이터가 손실될 수 있습니다.
C:\Users\c\Documents\GitHub\TTM\Game2\Inven.cpp(143,45): warning C4838: 'float'에서 'LONG'(으)로의 변환에는 축소 변환이 필요합니다.
C:\Users\c\Documents\GitHub\TTM\Game2\Inven.cpp(143,45): warning C4244: '초기화 중': 'float'에서 'LONG'(으)로 변환하면서 데이터가 손실될 수 있습니다.
C:\Users\c\Documents\GitHub\TTM\Game2\Inven.cpp(155,15): warning C4838: 'float'에서 'LONG'(으)로의 변환에는 축소 변환이 필요합니다.
C:\Users\c\Documents\GitHub\TTM\Game2\Inven.cpp(155,15): warning C4244: '초기화 중': 'float'에서 'LONG'(으)로 변환하면서 데이터가 손실될 수 있습니다.
C:\Users\c\Documents\GitHub\TTM\Game2\Inven.cpp(155,22): warning C4838: 'float'에서 'LONG'(으)로의 변환에는 축소 변환이 필요합니다.
C:\Users\c\Documents\GitHub\TTM\Game2\Inven.cpp(155,22): warning C4244: '초기화 중': 'float'에서 'LONG'(으)로 변환하면서 데이터가 손실될 수 있습니다.
C:\Users\c\Documents\GitHub\TTM\Game2\Inven.cpp(155,31): warning C4838: 'float'에서 'LONG'(으)로의 변환에는 축소 변환이 필요합니다.
C:\Users\c\Documents\GitHub\TTM\Game2\Inven.cpp(155,31): warning C4244: '초기화 중': 'float'에서 'LONG'(으)로 변환하면서 데이터가 손실될 수 있습니다.
C:\Users\c\Documents\GitHub\TTM\Game2\Inven.cpp(155,44): warning C4838: 'float'에서 'LONG'(으)로의 변환에는 축소 변환이 필요합니다.
C:\Users\c\Documents\GitHub\TTM\Game2\Inven.cpp(155,44): warning C4244: '초기화 중': 'float'에서 'LONG'(으)로 변환하면서 데이터가 손실될 수 있습니다.
C:\Users\c\Documents\GitHub\TTM\Game2\Inven.cpp(160,2): error C2065: 'BLEND': 선언되지 않은 식별자입니다.
C:\Users\c\Documents\GitHub\TTM\Game2\Inven.cpp(165,2): error C2065: 'BLEND': 선언되지 않은 식별자입니다.
