c:\users\jsmj1\documents\github\ttm\build\obj\cannon.obj
c:\users\jsmj1\documents\github\ttm\build\obj\malphite.obj
c:\users\jsmj1\documents\github\ttm\build\obj\airplane.obj
c:\users\jsmj1\documents\github\ttm\build\obj\scene2.obj
c:\users\jsmj1\documents\github\ttm\build\obj\main.obj
c:\users\jsmj1\documents\github\ttm\build\obj\objectpool.obj
c:\users\jsmj1\documents\github\ttm\build\obj\calculate.obj
c:\users\jsmj1\documents\github\ttm\build\obj\player.obj
c:\users\jsmj1\documents\github\ttm\build\obj\mainui.obj
c:\users\jsmj1\documents\github\ttm\build\obj\vc142.pdb
c:\users\jsmj1\documents\github\ttm\build\obj\vc142.idb
c:\users\c\documents\github\ttm\build\game1.lib
c:\users\c\documents\github\ttm\build\game1.exp
c:\users\gnsl1\onedrive\문서\github\ttm\build\game1.lib
c:\users\gnsl1\onedrive\문서\github\ttm\build\game1.exp
c:\users\jsmj1\documents\github\ttm\build\game1.lib
c:\users\jsmj1\documents\github\ttm\build\game1.exp
c:\users\jsmj1\documents\github\ttm\build\game1.exe
c:\users\jsmj1\documents\github\ttm\build\obj\game1.ilk
c:\users\jsmj1\documents\github\ttm\build\game1.pdb
c:\users\jsmj1\documents\github\ttm\\build\game1.pdb
c:\users\jsmj1\documents\github\ttm\build\obj\game1.tlog\cl.command.1.tlog
c:\users\jsmj1\documents\github\ttm\build\obj\game1.tlog\cl.read.1.tlog
c:\users\jsmj1\documents\github\ttm\build\obj\game1.tlog\cl.write.1.tlog
c:\users\jsmj1\documents\github\ttm\build\obj\game1.tlog\game1.write.1u.tlog
c:\users\jsmj1\documents\github\ttm\build\obj\game1.tlog\link.command.1.tlog
c:\users\jsmj1\documents\github\ttm\build\obj\game1.tlog\link.delete.1.tlog
c:\users\jsmj1\documents\github\ttm\build\obj\game1.tlog\link.read.1.tlog
c:\users\jsmj1\documents\github\ttm\build\obj\game1.tlog\link.write.1.tlog
