c:\users\c\documents\github\ttm\build\obj\vc142.pdb
c:\users\c\documents\github\ttm\build\obj\vc142.idb
c:\users\c\documents\github\ttm\build\obj\scene1.obj
c:\users\c\documents\github\ttm\build\obj\main.obj
c:\users\c\documents\github\ttm\build\game2.lib
c:\users\c\documents\github\ttm\build\game2.exp
c:\users\c\documents\github\ttm\build\obj\airplane.obj
c:\users\c\documents\github\ttm\build\obj\calculate.obj
c:\users\c\documents\github\ttm\build\obj\cannon.obj
c:\users\c\documents\github\ttm\build\obj\mainui.obj
c:\users\c\documents\github\ttm\build\obj\objectpool.obj
c:\users\c\documents\github\ttm\build\obj\player.obj
c:\users\c\documents\github\ttm\build\obj\scene2.obj
c:\users\c\documents\github\ttm\build\obj\game1.ilk
c:\users\c\documents\github\ttm\\build\game2.pdb
c:\users\c\documents\github\ttm\build\obj\game2.tlog\cl.command.1.tlog
c:\users\c\documents\github\ttm\build\obj\game2.tlog\cl.read.1.tlog
c:\users\c\documents\github\ttm\build\obj\game2.tlog\cl.write.1.tlog
c:\users\c\documents\github\ttm\build\obj\game2.tlog\game2.write.1u.tlog
c:\users\c\documents\github\ttm\build\obj\game2.tlog\link-cvtres.read.1.tlog
c:\users\c\documents\github\ttm\build\obj\game2.tlog\link-cvtres.write.1.tlog
c:\users\c\documents\github\ttm\build\obj\game2.tlog\link-rc.read.1.tlog
c:\users\c\documents\github\ttm\build\obj\game2.tlog\link-rc.write.1.tlog
c:\users\c\documents\github\ttm\build\obj\game2.tlog\link.command.1.tlog
c:\users\c\documents\github\ttm\build\obj\game2.tlog\link.read.1.tlog
c:\users\c\documents\github\ttm\build\obj\game2.tlog\link.write.1.tlog
