  Cannon.cpp
  Main.cpp
  MainUI.cpp
  Player.cpp
  Scene2.cpp
  Solar.cpp
C:\Users\jsmj1\Documents\GitHub\TTM\Game1\MainUI.h(6,14): error C2011: 'MainUI': 'class' 형식 재정의 (소스 파일 컴파일 중 MainUI.cpp)
C:\Users\jsmj1\Documents\GitHub\TTM\Game1\MainUI.h(2): message : 'MainUI' 선언을 참조하십시오. (소스 파일 컴파일 중 MainUI.cpp)
C:\Users\jsmj1\Documents\GitHub\TTM\Game1\MainUI.cpp(4,17): error C2027: 정의되지 않은 형식 'MainUI'을(를) 사용했습니다.
C:\Users\jsmj1\Documents\GitHub\TTM\Game1\MainUI.h(2): message : 'MainUI' 선언을 참조하십시오.
C:\Users\jsmj1\Documents\GitHub\TTM\Game1\MainUI.cpp(6,31): error C2027: 정의되지 않은 형식 'MainUI'을(를) 사용했습니다.
C:\Users\jsmj1\Documents\GitHub\TTM\Game1\MainUI.h(2): message : 'MainUI' 선언을 참조하십시오.
C:\Users\jsmj1\Documents\GitHub\TTM\Game1\MainUI.cpp(7,8): error C2027: 정의되지 않은 형식 'MainUI'을(를) 사용했습니다.
C:\Users\jsmj1\Documents\GitHub\TTM\Game1\MainUI.h(2): message : 'MainUI' 선언을 참조하십시오.
C:\Users\jsmj1\Documents\GitHub\TTM\Game1\MainUI.cpp(14,14): error C2027: 정의되지 않은 형식 'MainUI'을(를) 사용했습니다.
C:\Users\jsmj1\Documents\GitHub\TTM\Game1\MainUI.h(2): message : 'MainUI' 선언을 참조하십시오.
C:\Users\jsmj1\Documents\GitHub\TTM\Game1\MainUI.cpp(16,17): error C2065: 'children': 선언되지 않은 식별자입니다.
C:\Users\jsmj1\Documents\GitHub\TTM\Game1\MainUI.cpp(16,38): error C3536: 'it': 초기화되기 전에 사용할 수 없습니다.
C:\Users\jsmj1\Documents\GitHub\TTM\Game1\MainUI.cpp(16,41): error C2065: 'children': 선언되지 않은 식별자입니다.
C:\Users\jsmj1\Documents\GitHub\TTM\Game1\MainUI.cpp(20,9): error C2355: 'this': 비정적 멤버 함수 또는 비정적 데이터 멤버 이니셜라이저 안에서만 참조할 수 있습니다.
C:\Users\jsmj1\Documents\GitHub\TTM\Game1\MainUI.cpp(23,9): error C2027: 정의되지 않은 형식 'MainUI'을(를) 사용했습니다.
C:\Users\jsmj1\Documents\GitHub\TTM\Game1\MainUI.h(2): message : 'MainUI' 선언을 참조하십시오.
C:\Users\jsmj1\Documents\GitHub\TTM\Game1\MainUI.cpp(24,1): error C4430: 형식 지정자가 없습니다. int로 가정합니다. 참고: C++에서는 기본 int를 지원하지 않습니다.
C:\Users\jsmj1\Documents\GitHub\TTM\Game1\MainUI.cpp(25,1): warning C4508: '{ctor}': 함수는 값을 반환해야 하므로 'void' 반환 형식으로 간주됩니다.
C:\Users\jsmj1\Documents\GitHub\TTM\Game1\MainUI.cpp(27,10): error C2027: 정의되지 않은 형식 'MainUI'을(를) 사용했습니다.
C:\Users\jsmj1\Documents\GitHub\TTM\Game1\MainUI.h(2): message : 'MainUI' 선언을 참조하십시오.
C:\Users\jsmj1\Documents\GitHub\TTM\Game1\MainUI.cpp(28,1): error C4430: 형식 지정자가 없습니다. int로 가정합니다. 참고: C++에서는 기본 int를 지원하지 않습니다.
C:\Users\jsmj1\Documents\GitHub\TTM\Game1\MainUI.cpp(29,1): warning C4508: '{dtor}': 함수는 값을 반환해야 하므로 'void' 반환 형식으로 간주됩니다.
C:\Users\jsmj1\Documents\GitHub\TTM\Game1\MainUI.cpp(31,14): error C2027: 정의되지 않은 형식 'MainUI'을(를) 사용했습니다.
C:\Users\jsmj1\Documents\GitHub\TTM\Game1\MainUI.h(2): message : 'MainUI' 선언을 참조하십시오.
C:\Users\jsmj1\Documents\GitHub\TTM\Game1\MainUI.cpp(33,9): error C2352: 'Actor::Update': 비정적 멤버 함수를 잘못 호출했습니다.
C:\Users\jsmj1\Documents\GitHub\TTM\2DFrameWork\GameObject.h(81): message : 'Actor::Update' 선언을 참조하십시오.
